Copyright 1986-2016 Xilinx, Inc. All Rights Reserved.
-------------------------------------------------------------------------------------------------------------------------------------------------
| Tool Version     : Vivado v.2016.1 (win64) Build 1538259 Fri Apr  8 15:45:27 MDT 2016
| Date             : Fri Nov 18 13:12:33 2016
| Host             : zhouyu running 64-bit major release  (build 9200)
| Command          : report_power -file cw305_top_power_routed.rpt -pb cw305_top_power_summary_routed.pb -rpx cw305_top_power_routed.rpx
| Design           : cw305_top
| Device           : xc7a35tftg256-2
| Design State     : routed
| Grade            : commercial
| Process          : typical
| Characterization : Production
-------------------------------------------------------------------------------------------------------------------------------------------------

Power Report

Table of Contents
-----------------
1. Summary
1.1 On-Chip Components
1.2 Power Supply Summary
1.3 Confidence Level
2. Settings
2.1 Environment
2.2 Clock Constraints
3. Detailed Reports
3.1 By Hierarchy

1. Summary
----------

+--------------------------+-------+
| Total On-Chip Power (W)  | 0.139 |
| Dynamic (W)              | 0.067 |
| Device Static (W)        | 0.072 |
| Effective TJA (C/W)      | 4.9   |
| Max Ambient (C)          | 84.3  |
| Junction Temperature (C) | 25.7  |
| Confidence Level         | Low   |
| Setting File             | ---   |
| Simulation Activity File | ---   |
| Design Nets Matched      | NA    |
+--------------------------+-------+


1.1 On-Chip Components
----------------------

+----------------+-----------+----------+-----------+-----------------+
| On-Chip        | Power (W) | Used     | Available | Utilization (%) |
+----------------+-----------+----------+-----------+-----------------+
| Clocks         |     0.004 |        5 |       --- |             --- |
| Slice Logic    |     0.025 |     4190 |       --- |             --- |
|   LUT as Logic |     0.024 |     2803 |     20800 |           13.48 |
|   Register     |    <0.001 |      987 |     41600 |            2.37 |
|   CARRY4       |    <0.001 |       13 |      8150 |            0.16 |
|   F7/F8 Muxes  |    <0.001 |       37 |     32600 |            0.11 |
|   BUFG         |    <0.001 |        2 |        32 |            6.25 |
|   Others       |     0.000 |       26 |       --- |             --- |
| Signals        |     0.024 |     3411 |       --- |             --- |
| I/O            |     0.014 |       50 |       170 |           29.41 |
| Static Power   |     0.072 |          |           |                 |
| Total          |     0.139 |          |           |                 |
+----------------+-----------+----------+-----------+-----------------+


1.2 Power Supply Summary
------------------------

+-----------+-------------+-----------+-------------+------------+
| Source    | Voltage (V) | Total (A) | Dynamic (A) | Static (A) |
+-----------+-------------+-----------+-------------+------------+
| Vccint    |       1.000 |     0.063 |       0.053 |      0.010 |
| Vccaux    |       1.800 |     0.013 |       0.000 |      0.013 |
| Vcco33    |       3.300 |     0.005 |       0.004 |      0.001 |
| Vcco25    |       2.500 |     0.000 |       0.000 |      0.000 |
| Vcco18    |       1.800 |     0.000 |       0.000 |      0.000 |
| Vcco15    |       1.500 |     0.000 |       0.000 |      0.000 |
| Vcco135   |       1.350 |     0.000 |       0.000 |      0.000 |
| Vcco12    |       1.200 |     0.000 |       0.000 |      0.000 |
| Vccaux_io |       1.800 |     0.000 |       0.000 |      0.000 |
| Vccbram   |       1.000 |     0.000 |       0.000 |      0.000 |
| MGTAVcc   |       1.000 |     0.000 |       0.000 |      0.000 |
| MGTAVtt   |       1.200 |     0.000 |       0.000 |      0.000 |
| Vccadc    |       1.800 |     0.020 |       0.000 |      0.020 |
+-----------+-------------+-----------+-------------+------------+


1.3 Confidence Level
--------------------

+-----------------------------+------------+--------------------------------------------------------+--------------------------------------------------------------------------------------------------------------------+
| User Input Data             | Confidence | Details                                                | Action                                                                                                             |
+-----------------------------+------------+--------------------------------------------------------+--------------------------------------------------------------------------------------------------------------------+
| Design implementation state | High       | Design is routed                                       |                                                                                                                    |
| Clock nodes activity        | Low        | User specified less than 75% of clocks                 | Provide missing clock activity with a constraint file, simulation results or by editing the "By Clock Domain" view |
| I/O nodes activity          | Low        | More than 75% of inputs are missing user specification | Provide missing input activity with simulation results or by editing the "By Resource Type -> I/Os" view           |
| Internal nodes activity     | Medium     | User specified less than 25% of internal nodes         | Provide missing internal nodes activity with simulation results or by editing the "By Resource Type" views         |
| Device models               | High       | Device models are Production                           |                                                                                                                    |
|                             |            |                                                        |                                                                                                                    |
| Overall confidence level    | Low        |                                                        |                                                                                                                    |
+-----------------------------+------------+--------------------------------------------------------+--------------------------------------------------------------------------------------------------------------------+


2. Settings
-----------

2.1 Environment
---------------

+-----------------------+--------------------------+
| Ambient Temp (C)      | 25.0                     |
| ThetaJA (C/W)         | 4.9                      |
| Airflow (LFM)         | 250                      |
| Heat Sink             | medium (Medium Profile)  |
| ThetaSA (C/W)         | 4.6                      |
| Board Selection       | medium (10"x10")         |
| # of Board Layers     | 12to15 (12 to 15 Layers) |
| Board Temperature (C) | 25.0                     |
+-----------------------+--------------------------+


2.2 Clock Constraints
---------------------

+-----------+-----------+-----------------+
| Clock     | Domain    | Constraint (ns) |
+-----------+-----------+-----------------+
| pll_clk1  | pll_clk1  |            10.0 |
| tio_clkin | tio_clkin |            10.0 |
| usb_clk   | usb_clk   |            10.0 |
+-----------+-----------+-----------------+


3. Detailed Reports
-------------------

3.1 By Hierarchy
----------------

+--------------------------+-----------+
| Name                     | Power (W) |
+--------------------------+-----------+
| cw305_top                |     0.067 |
|   aes_core               |     0.048 |
|     ks_inst              |     0.018 |
|   my_usb                 |     0.002 |
|   reg_inst               |     0.001 |
|   u1                     |    <0.001 |
|   u2                     |    <0.001 |
|   u3                     |    <0.001 |
|   u4                     |    <0.001 |
|   u5                     |    <0.001 |
|   u6                     |    <0.001 |
|   u7                     |    <0.001 |
|   u8                     |    <0.001 |
|   usb_data_IOBUF[0]_inst |    <0.001 |
|   usb_data_IOBUF[1]_inst |    <0.001 |
|   usb_data_IOBUF[2]_inst |    <0.001 |
|   usb_data_IOBUF[3]_inst |    <0.001 |
|   usb_data_IOBUF[4]_inst |    <0.001 |
|   usb_data_IOBUF[5]_inst |    <0.001 |
|   usb_data_IOBUF[6]_inst |    <0.001 |
|   usb_data_IOBUF[7]_inst |    <0.001 |
+--------------------------+-----------+


