Copyright 1986-2016 Xilinx, Inc. All Rights Reserved.
--------------------------------------------------------------------------------------------
| Tool Version      : Vivado v.2016.1 (win64) Build 1538259 Fri Apr  8 15:45:27 MDT 2016
| Date              : Fri Nov 18 13:12:34 2016
| Host              : zhouyu running 64-bit major release  (build 9200)
| Command           : report_clock_utilization -file cw305_top_clock_utilization_routed.rpt
| Design            : cw305_top
| Device            : 7a35t-ftg256
| Speed File        : -2  PRODUCTION 1.14 2014-09-11
| Temperature Grade : C
--------------------------------------------------------------------------------------------

Clock Utilization Report

Table of Contents
-----------------
1. Clock Primitive Utilization
2. Global Clock Resources
3. Global Clock Source Details
4. Local Clock Details
5. Clock Regions: Key Resource Utilization
6. Clock Regions : Global Clock Summary
7. Cell Type Counts per Global Clock: Region X0Y0
8. Cell Type Counts per Global Clock: Region X1Y0
9. Cell Type Counts per Global Clock: Region X1Y1
10. Load Cell Placement Summary for Global Clock g0
11. Load Cell Placement Summary for Global Clock g1
12. Load Cell Placement Summary for Global Clock g2
13. Load Cell Placement Summary for Global Clock g3

1. Clock Primitive Utilization
------------------------------

+----------+------+-----------+-----+--------------+--------+
| Type     | Used | Available | LOC | Clock Region | Pblock |
+----------+------+-----------+-----+--------------+--------+
| BUFGCTRL |    4 |        32 |   0 |            0 |      0 |
| BUFH     |    0 |        72 |   0 |            0 |      0 |
| BUFIO    |    0 |        20 |   0 |            0 |      0 |
| BUFMR    |    0 |        10 |   0 |            0 |      0 |
| BUFR     |    0 |        20 |   0 |            0 |      0 |
| MMCM     |    0 |         5 |   0 |            0 |      0 |
| PLL      |    0 |         5 |   0 |            0 |      0 |
+----------+------+-----------+-----+--------------+--------+


2. Global Clock Resources
-------------------------

+-------+-------+-----------------+------------+----------------+--------------+------+-------------------+---------------+-------------+-----------------+--------------+----------+--------------------------+--------------------+
| GlbID | SrcId | Driver Type/Pin | Constraint | Site           | Clock Region | Root | Clock Delay Group | Clock Regions | Clock Loads | Non-Clock Loads | Clock Period | Clock    | Driver Pin               | Net                |
+-------+-------+-----------------+------------+----------------+--------------+------+-------------------+---------------+-------------+-----------------+--------------+----------+--------------------------+--------------------+
| g0    | src0  | BUFG/O          | None       | BUFGCTRL_X0Y16 | n/a          | n/a  | n/a               |             2 |           0 |              28 |       10.000 | usb_clk  | my_usb/clkbuf/O          | my_usb/usb_clk_buf |
| g1    | src1  | BUFGCTRL/O      | None       | BUFGCTRL_X0Y0  | n/a          | n/a  | n/a               |             2 |           0 |             689 |       10.000 | pll_clk1 | reg_inst/CCLK_MUX/O      | reg_inst/crypt_clk |
| g2    | src2  | BUFG/O          | None       | BUFGCTRL_X0Y2  | n/a          | n/a  | n/a               |             1 |           0 |               8 |          n/a | n/a      | usb_rdn_IBUF_BUFG_inst/O | usb_rdn_IBUF_BUFG  |
| g3    | src3  | BUFG/O          | None       | BUFGCTRL_X0Y1  | n/a          | n/a  | n/a               |             1 |           0 |             263 |          n/a | n/a      | usb_wrn_IBUF_BUFG_inst/O | usb_wrn_IBUF_BUFG  |
+-------+-------+-----------------+------------+----------------+--------------+------+-------------------+---------------+-------------+-----------------+--------------+----------+--------------------------+--------------------+
* Note: Multiple constraint types applied to the driver. Please check for potential conflicts.


3. Global Clock Source Details
------------------------------

+-------+--------+-----------------+------------+-----------+--------------+-------------+-----------------+---------------------+--------------+----------------------+-----------------+
| SrcID | GlbIDs | Driver Type/Pin | Constraint | Site      | Clock Region | Clock Loads | Non-Clock Loads | Source Clock Period | Source Clock | Driver Pin           | Net             |
+-------+--------+-----------------+------------+-----------+--------------+-------------+-----------------+---------------------+--------------+----------------------+-----------------+
| src0  | g0     | IBUF/O          | IOB_X1Y74  | IOB_X1Y74 | X1Y1         |           1 |               0 |              10.000 | usb_clk      | my_usb/clkibuf/O     | my_usb/clk_bufg |
| src1  | g1     | IBUF/O          | IOB_X0Y28  | IOB_X0Y28 | X0Y0         |           1 |               0 |              10.000 | pll_clk1     | pll_clk1_IBUF_inst/O | pll_clk1_IBUF   |
| src2  | g2     | IBUF/O          | IOB_X1Y93  | IOB_X1Y93 | X1Y1         |           1 |               0 |                     |              | usb_rdn_IBUF_inst/O  | usb_rdn_IBUF    |
| src3  | g3     | IBUF/O          | IOB_X1Y85  | IOB_X1Y85 | X1Y1         |           1 |               0 |                     |              | usb_wrn_IBUF_inst/O  | usb_wrn_IBUF    |
+-------+--------+-----------------+------------+-----------+--------------+-------------+-----------------+---------------------+--------------+----------------------+-----------------+


4. Local Clock Details
----------------------

+-------+-----------------+------------+----------+--------------+-------------+-----------------+--------------+-------+------------+-----+
| LocId | Driver Type/Pin | Constraint | Site/BEL | Clock Region | Clock Loads | Non-Clock Loads | Clock Period | Clock | Driver Pin | Net |
+-------+-----------------+------------+----------+--------------+-------------+-----------------+--------------+-------+------------+-----+


5. Clock Regions: Key Resource Utilization
------------------------------------------

+-------------------+--------------+--------------+--------------+--------------+--------------+--------------+--------------+--------------+--------------+--------------+--------------+--------------+--------------+--------------+--------------+
|                   | Global Clock |     BUFRs    |    BUFMRs    |    BUFIOs    |     MMCM     |      PLL     |      GT      |      PCI     |    ILOGIC    |    OLOGIC    |      FF      |     LUTM     |    RAMB18    |    RAMB36    |    DSP48E2   |
+-------------------+------+-------+------+-------+------+-------+------+-------+------+-------+------+-------+------+-------+------+-------+------+-------+------+-------+------+-------+------+-------+------+-------+------+-------+------+-------+
| Clock Region Name | Used | Avail | Used | Avail | Used | Avail | Used | Avail | Used | Avail | Used | Avail | Used | Avail | Used | Avail | Used | Avail | Used | Avail | Used | Avail | Used | Avail | Used | Avail | Used | Avail | Used | Avail |
+-------------------+------+-------+------+-------+------+-------+------+-------+------+-------+------+-------+------+-------+------+-------+------+-------+------+-------+------+-------+------+-------+------+-------+------+-------+------+-------+
| X0Y0              |    1 |    12 |    0 |     4 |    0 |     2 |    0 |     4 |    0 |     1 |    0 |     1 |    0 |     0 |    0 |     0 |    0 |    50 |    1 |    50 |   68 |  9600 |   18 |  1600 |    0 |     0 |    0 |    10 |    0 |    20 |
| X1Y0              |    4 |    12 |    0 |     4 |    0 |     2 |    0 |     4 |    0 |     1 |    0 |     1 |    0 |     0 |    0 |     0 |    0 |    50 |    0 |    50 |  916 | 12000 |  256 |  1800 |    0 |     0 |    0 |    20 |    0 |    20 |
| X0Y1              |    0 |    12 |    0 |     4 |    0 |     2 |    0 |     4 |    0 |     1 |    0 |     1 |    0 |     0 |    0 |     0 |    0 |    50 |    0 |    50 |    0 |  9600 |    0 |  1600 |    0 |     0 |    0 |    10 |    0 |    20 |
| X1Y1              |    1 |    12 |    0 |     4 |    0 |     2 |    0 |     4 |    0 |     1 |    0 |     1 |    0 |     0 |    0 |     0 |    0 |    50 |    0 |    50 |    3 | 12000 |    3 |  1800 |    0 |     0 |    0 |    20 |    0 |    20 |
| X0Y2              |    0 |    12 |    0 |     4 |    0 |     2 |    0 |     4 |    0 |     1 |    0 |     1 |    0 |     0 |    0 |     0 |    0 |    50 |    0 |    50 |    0 | 14400 |    0 |  1600 |    0 |     0 |    0 |    10 |    0 |    20 |
| X1Y2              |    0 |    12 |    0 |     0 |    0 |     0 |    0 |     0 |    0 |     0 |    0 |     0 |    0 |     5 |    0 |     0 |    0 |     0 |    0 |     0 |    0 |  7600 |    0 |  1200 |    0 |     0 |    0 |     5 |    0 |    20 |
+-------------------+------+-------+------+-------+------+-------+------+-------+------+-------+------+-------+------+-------+------+-------+------+-------+------+-------+------+-------+------+-------+------+-------+------+-------+------+-------+
* Used Global Clocks includes only global clock resources based on load placement but does not consider global clock resources used to traverse a clock region. Therefore the actual total of Used Global Clocks may be higher.
** RAMB36 site can be used as two RAMB18/FIFO18 sites.


6. Clock Regions : Global Clock Summary
---------------------------------------

+----+----+----+
|    | X0 | X1 |
+----+----+----+
| Y2 |  0 |  0 |
| Y1 |  0 |  1 |
| Y0 |  1 |  4 |
+----+----+----+
* Used Global Clocks includes only global clock resources based on load placement but does not consider global clock resources used to traverse a clock region. Therefore the actual total of Used Global Clocks may be higher.


7. Cell Type Counts per Global Clock: Region X0Y0
-------------------------------------------------

+-------+-------+-----------------+------------+-------------+-----------------+----+--------+------+-----+----+------+-----+---------+--------------------+
| GlbID | Track | Driver Type/Pin | Constraint | Clock Loads | Non-Clock Loads | FF | LUTRAM | RAMB | DSP | GT | MMCM | PLL | Hard IP | Net                |
+-------+-------+-----------------+------------+-------------+-----------------+----+--------+------+-----+----+------+-----+---------+--------------------+
| g1    | n/a   | BUFGCTRL/O      | None       |           0 |              69 | 68 |     18 |    0 |   0 |  0 |    0 |   0 |       0 | reg_inst/crypt_clk |
+-------+-------+-----------------+------------+-------------+-----------------+----+--------+------+-----+----+------+-----+---------+--------------------+


8. Cell Type Counts per Global Clock: Region X1Y0
-------------------------------------------------

+-------+-------+-----------------+------------+-------------+-----------------+-----+--------+------+-----+----+------+-----+---------+--------------------+
| GlbID | Track | Driver Type/Pin | Constraint | Clock Loads | Non-Clock Loads | FF  | LUTRAM | RAMB | DSP | GT | MMCM | PLL | Hard IP | Net                |
+-------+-------+-----------------+------------+-------------+-----------------+-----+--------+------+-----+----+------+-----+---------+--------------------+
| g0    | n/a   | BUFG/O          | None       |           0 |              25 |  25 |      0 |    0 |   0 |  0 |    0 |   0 |       0 | my_usb/usb_clk_buf |
| g1    | n/a   | BUFGCTRL/O      | None       |           0 |             620 | 620 |    173 |    0 |   0 |  0 |    0 |   0 |       0 | reg_inst/crypt_clk |
| g2    | n/a   | BUFG/O          | None       |           0 |               8 |   8 |      6 |    0 |   0 |  0 |    0 |   0 |       0 | usb_rdn_IBUF_BUFG  |
| g3    | n/a   | BUFG/O          | None       |           0 |             263 | 263 |     77 |    0 |   0 |  0 |    0 |   0 |       0 | usb_wrn_IBUF_BUFG  |
+-------+-------+-----------------+------------+-------------+-----------------+-----+--------+------+-----+----+------+-----+---------+--------------------+


9. Cell Type Counts per Global Clock: Region X1Y1
-------------------------------------------------

+-------+-------+-----------------+------------+-------------+-----------------+----+--------+------+-----+----+------+-----+---------+--------------------+
| GlbID | Track | Driver Type/Pin | Constraint | Clock Loads | Non-Clock Loads | FF | LUTRAM | RAMB | DSP | GT | MMCM | PLL | Hard IP | Net                |
+-------+-------+-----------------+------------+-------------+-----------------+----+--------+------+-----+----+------+-----+---------+--------------------+
| g0    | n/a   | BUFG/O          | None       |           0 |               3 |  3 |      3 |    0 |   0 |  0 |    0 |   0 |       0 | my_usb/usb_clk_buf |
+-------+-------+-----------------+------------+-------------+-----------------+----+--------+------+-----+----+------+-----+---------+--------------------+


10. Load Cell Placement Summary for Global Clock g0
---------------------------------------------------

+-------+-----------------+-------------------+---------+-------------+---------------+----------+-------------+----------+-------------+----+--------------------+
| GlbID | Driver Type/Pin | Driver Region (D) | Clock   | Period (ns) | Waveform (ns) | Root (R) | Slice Loads | IO Loads | Clock Loads | GT | Net                |
+-------+-----------------+-------------------+---------+-------------+---------------+----------+-------------+----------+-------------+----+--------------------+
| g0    | BUFG/O          | n/a               | usb_clk |      10.000 | {0.000 5.000} |          |          28 |        0 |           0 |  0 | my_usb/usb_clk_buf |
+-------+-----------------+-------------------+---------+-------------+---------------+----------+-------------+----------+-------------+----+--------------------+


+----+----+-----+
|    | X0 | X1  |
+----+----+-----+
| Y2 |  0 |   0 |
| Y1 |  0 |   3 |
| Y0 |  0 |  25 |
+----+----+-----+


11. Load Cell Placement Summary for Global Clock g1
---------------------------------------------------

+-------+-----------------+-------------------+----------+-------------+---------------+----------+-------------+----------+-------------+----+--------------------+
| GlbID | Driver Type/Pin | Driver Region (D) | Clock    | Period (ns) | Waveform (ns) | Root (R) | Slice Loads | IO Loads | Clock Loads | GT | Net                |
+-------+-----------------+-------------------+----------+-------------+---------------+----------+-------------+----------+-------------+----+--------------------+
| g1    | BUFGCTRL/O      | n/a               | pll_clk1 |      10.000 | {0.000 5.000} |          |         689 |        0 |           0 |  0 | reg_inst/crypt_clk |
+-------+-----------------+-------------------+----------+-------------+---------------+----------+-------------+----------+-------------+----+--------------------+


+----+-----+------+
|    | X0  | X1   |
+----+-----+------+
| Y2 |   0 |    0 |
| Y1 |   0 |    0 |
| Y0 |  69 |  620 |
+----+-----+------+


12. Load Cell Placement Summary for Global Clock g2
---------------------------------------------------

+-------+-----------------+-------------------+-------+-------------+---------------+----------+-------------+----------+-------------+----+-------------------+
| GlbID | Driver Type/Pin | Driver Region (D) | Clock | Period (ns) | Waveform (ns) | Root (R) | Slice Loads | IO Loads | Clock Loads | GT | Net               |
+-------+-----------------+-------------------+-------+-------------+---------------+----------+-------------+----------+-------------+----+-------------------+
| g2    | BUFG/O          | n/a               |       |             |               |          |           8 |        0 |           0 |  0 | usb_rdn_IBUF_BUFG |
+-------+-----------------+-------------------+-------+-------------+---------------+----------+-------------+----------+-------------+----+-------------------+


+----+----+----+
|    | X0 | X1 |
+----+----+----+
| Y2 |  0 |  0 |
| Y1 |  0 |  0 |
| Y0 |  0 |  8 |
+----+----+----+


13. Load Cell Placement Summary for Global Clock g3
---------------------------------------------------

+-------+-----------------+-------------------+-------+-------------+---------------+----------+-------------+----------+-------------+----+-------------------+
| GlbID | Driver Type/Pin | Driver Region (D) | Clock | Period (ns) | Waveform (ns) | Root (R) | Slice Loads | IO Loads | Clock Loads | GT | Net               |
+-------+-----------------+-------------------+-------+-------------+---------------+----------+-------------+----------+-------------+----+-------------------+
| g3    | BUFG/O          | n/a               |       |             |               |          |         263 |        0 |           0 |  0 | usb_wrn_IBUF_BUFG |
+-------+-----------------+-------------------+-------+-------------+---------------+----------+-------------+----------+-------------+----+-------------------+


+----+----+------+
|    | X0 | X1   |
+----+----+------+
| Y2 |  0 |    0 |
| Y1 |  0 |    0 |
| Y0 |  0 |  263 |
+----+----+------+



# Location of BUFG Primitives 
set_property LOC BUFGCTRL_X0Y1 [get_cells usb_wrn_IBUF_BUFG_inst]
set_property LOC BUFGCTRL_X0Y2 [get_cells usb_rdn_IBUF_BUFG_inst]
set_property LOC BUFGCTRL_X0Y0 [get_cells reg_inst/CCLK_MUX]
set_property LOC BUFGCTRL_X0Y16 [get_cells my_usb/clkbuf]

# Location of IO Primitives which is load of clock spine

# Location of clock ports
set_property LOC IOB_X0Y28 [get_ports pll_clk1]
set_property LOC IOB_X0Y26 [get_ports tio_clkin]
set_property LOC IOB_X1Y74 [get_ports usb_clk]
set_property LOC IOB_X1Y93 [get_ports usb_rdn]
set_property LOC IOB_X1Y85 [get_ports usb_wrn]

# Clock net "usb_wrn_IBUF_BUFG" driven by instance "usb_wrn_IBUF_BUFG_inst" located at site "BUFGCTRL_X0Y1"
#startgroup
create_pblock {CLKAG_usb_wrn_IBUF_BUFG}
add_cells_to_pblock [get_pblocks  {CLKAG_usb_wrn_IBUF_BUFG}] [get_cells -filter { PRIMITIVE_GROUP != I/O && IS_PRIMITIVE==1 && PRIMITIVE_LEVEL !=INTERNAL } -of_object [get_pins -filter {DIRECTION==IN} -of_objects [get_nets -hierarchical -filter {PARENT=="usb_wrn_IBUF_BUFG"}]]]
resize_pblock [get_pblocks {CLKAG_usb_wrn_IBUF_BUFG}] -add {CLOCKREGION_X1Y0:CLOCKREGION_X1Y0}
#endgroup

# Clock net "usb_rdn_IBUF_BUFG" driven by instance "usb_rdn_IBUF_BUFG_inst" located at site "BUFGCTRL_X0Y2"
#startgroup
create_pblock {CLKAG_usb_rdn_IBUF_BUFG}
add_cells_to_pblock [get_pblocks  {CLKAG_usb_rdn_IBUF_BUFG}] [get_cells -filter { PRIMITIVE_GROUP != I/O && IS_PRIMITIVE==1 && PRIMITIVE_LEVEL !=INTERNAL } -of_object [get_pins -filter {DIRECTION==IN} -of_objects [get_nets -hierarchical -filter {PARENT=="usb_rdn_IBUF_BUFG"}]]]
resize_pblock [get_pblocks {CLKAG_usb_rdn_IBUF_BUFG}] -add {CLOCKREGION_X1Y0:CLOCKREGION_X1Y0}
#endgroup

# Clock net "reg_inst/crypt_clk" driven by instance "reg_inst/CCLK_MUX" located at site "BUFGCTRL_X0Y0"
#startgroup
create_pblock {CLKAG_reg_inst/crypt_clk}
add_cells_to_pblock [get_pblocks  {CLKAG_reg_inst/crypt_clk}] [get_cells -filter { PRIMITIVE_GROUP != I/O && IS_PRIMITIVE==1 && PRIMITIVE_LEVEL !=INTERNAL } -of_object [get_pins -filter {DIRECTION==IN} -of_objects [get_nets -hierarchical -filter {PARENT=="reg_inst/crypt_clk"}]]]
resize_pblock [get_pblocks {CLKAG_reg_inst/crypt_clk}] -add {CLOCKREGION_X0Y0:CLOCKREGION_X0Y0 CLOCKREGION_X1Y0:CLOCKREGION_X1Y0}
#endgroup

# Clock net "my_usb/usb_clk_buf" driven by instance "my_usb/clkbuf" located at site "BUFGCTRL_X0Y16"
#startgroup
create_pblock {CLKAG_my_usb/usb_clk_buf}
add_cells_to_pblock [get_pblocks  {CLKAG_my_usb/usb_clk_buf}] [get_cells -filter { PRIMITIVE_GROUP != I/O && IS_PRIMITIVE==1 && PRIMITIVE_LEVEL !=INTERNAL } -of_object [get_pins -filter {DIRECTION==IN} -of_objects [get_nets -hierarchical -filter {PARENT=="my_usb/usb_clk_buf"}]]]
resize_pblock [get_pblocks {CLKAG_my_usb/usb_clk_buf}] -add {CLOCKREGION_X1Y0:CLOCKREGION_X1Y0 CLOCKREGION_X1Y1:CLOCKREGION_X1Y1}
#endgroup
